<?xml version="1.0" encoding="UTF-8" ?>
<testsuite tests="10" failures="0" name="org.wltea.analyzer.lucene.IKAnalyzerTests" time="0.22" errors="0" skipped="0">
  <properties>
[...]
</properties>
  <testcase classname="org.wltea.analyzer.lucene.IKAnalyzerTests" name="tokenizeCase5_correctly" time="0.164"/>
  <testcase classname="org.wltea.analyzer.lucene.IKAnalyzerTests" name="tokenizeCase2_correctly" time="0"/>
  <testcase classname="org.wltea.analyzer.lucene.IKAnalyzerTests" name="tokenize_smart_correctly" time="0"/>
  <testcase classname="org.wltea.analyzer.lucene.IKAnalyzerTests" name="tokenize_max_word_correctly" time="0"/>
  <testcase classname="org.wltea.analyzer.lucene.IKAnalyzerTests" name="tokenizeCase4_correctly" time="0"/>
  <testcase classname="org.wltea.analyzer.lucene.IKAnalyzerTests" name="tokenize_smart_long_repeated_words_performance" time="0.03"/>
  <testcase classname="org.wltea.analyzer.lucene.IKAnalyzerTests" name="tokenize_CN_Quantifier_correctly" time="0.001"/>
  <testcase classname="org.wltea.analyzer.lucene.IKAnalyzerTests" name="tokenizeCase6_correctly" time="0.002"/>
  <testcase classname="org.wltea.analyzer.lucene.IKAnalyzerTests" name="tokenizeCase1_correctly" time="0"/>
  <testcase classname="org.wltea.analyzer.lucene.IKAnalyzerTests" name="tokenizeCase3_correctly" time="0"/>
</testsuite>